#
# There is insufficient memory for the Java Runtime Environment to continue.
# Native memory allocation (malloc) failed to allocate 1465456 bytes for Chunk::new
# Possible reasons:
#   The system is out of physical RAM or swap space
#   The process is running with CompressedOops enabled, and the Java Heap may be blocking the growth of the native heap
# Possible solutions:
#   Reduce memory load on the system
#   Increase physical memory or swap space
#   Check if swap backing store is full
#   Decrease Java heap size (-Xmx/-Xms)
#   Decrease number of Java threads
#   Decrease Java thread stack sizes (-Xss)
#   Set larger code cache with -XX:ReservedCodeCacheSize=
#   JVM is running with Unscaled Compressed Oops mode in which the Java heap is
#     placed in the first 4GB address space. The Java Heap base address is the
#     maximum limit for the native heap growth. Please use -XX:HeapBaseMinAddress
#     to set the Java Heap base and to place the Java Heap above 4GB virtual address.
# This output file may be truncated or incomplete.
#
#  Out of Memory Error (allocation.cpp:389), pid=214180, tid=0x0000000000035cb4
#
# JRE version: OpenJDK Runtime Environment (8.0_212-b04) (build 1.8.0_212-release-1586-b04)
# Java VM: OpenJDK 64-Bit Server VM (25.212-b04 mixed mode windows-amd64 compressed oops)
# Failed to write core dump. Minidumps are not enabled by default on client versions of Windows
#

---------------  T H R E A D  ---------------

Current thread (0x0000000018dbc800):  JavaThread "C2 CompilerThread2" daemon [_thread_in_native, id=220340, stack(0x0000000019880000,0x0000000019980000)]

Stack: [0x0000000019880000,0x0000000019980000]
[error occurred during error reporting (printing stack bounds), id 0xc0000005]

Native frames: (J=compiled Java code, j=interpreted, Vv=VM code, C=native code)


Current CompileTask:
C2:  96665 14718       4       org.gradle.internal.instantiation.AbstractClassGenerator::inspectType (559 bytes)


---------------  P R O C E S S  ---------------

Java Threads: ( => current thread )
  0x000000001de90800 JavaThread "Cache worker for Build Output Cleanup Cache (N:\Team21\Team21_App\.gradle\buildOutputCleanup)" [_thread_blocked, id=215144, stack(0x0000000024ee0000,0x0000000024fe0000)]
  0x0000000026265800 JavaThread "Build operations Thread 8" [_thread_blocked, id=201484, stack(0x00000000242e0000,0x00000000243e0000)]
  0x0000000026263000 JavaThread "Build operations Thread 7" [_thread_blocked, id=227744, stack(0x00000000241e0000,0x00000000242e0000)]
  0x0000000026262800 JavaThread "Build operations Thread 6" [_thread_blocked, id=227540, stack(0x00000000240e0000,0x00000000241e0000)]
  0x0000000026261800 JavaThread "Build operations Thread 5" [_thread_blocked, id=214624, stack(0x0000000023fe0000,0x00000000240e0000)]
  0x0000000026261000 JavaThread "Build operations Thread 4" [_thread_blocked, id=227960, stack(0x0000000023ee0000,0x0000000023fe0000)]
  0x0000000026259800 JavaThread "Build operations Thread 3" [_thread_blocked, id=227536, stack(0x0000000023de0000,0x0000000023ee0000)]
  0x0000000026260000 JavaThread "Build operations Thread 2" [_thread_blocked, id=193676, stack(0x0000000020340000,0x0000000020440000)]
  0x000000002625f800 JavaThread "Build operations" [_thread_blocked, id=214396, stack(0x0000000020240000,0x0000000020340000)]
  0x0000000026257800 JavaThread "Cache worker for cache directory md-rule (C:\Users\dmjoe\.gradle\caches\5.6.4\md-rule)" [_thread_blocked, id=228284, stack(0x000000001d6a0000,0x000000001d7a0000)]
  0x000000002625e800 JavaThread "Cache worker for cache directory md-supplier (C:\Users\dmjoe\.gradle\caches\5.6.4\md-supplier)" [_thread_blocked, id=228256, stack(0x000000001d4a0000,0x000000001d5a0000)]
  0x000000002625b800 JavaThread "Cache worker for file hash cache (N:\Team21\Team21_App\.gradle\5.6.4\fileHashes)" [_thread_blocked, id=227688, stack(0x000000001d3a0000,0x000000001d4a0000)]
  0x000000002625a000 JavaThread "Thread-30" [_thread_blocked, id=228104, stack(0x000000001d1a0000,0x000000001d2a0000)]
  0x0000000026257000 JavaThread "Stdin handler" [_thread_blocked, id=228116, stack(0x000000001cea0000,0x000000001cfa0000)]
  0x000000002625b000 JavaThread "Asynchronous log dispatcher for DefaultDaemonConnection: socket connection from /127.0.0.1:25205 to /127.0.0.1:25319" [_thread_blocked, id=228112, stack(0x0000000001510000,0x0000000001610000)]
  0x0000000026258800 JavaThread "Cancel handler" [_thread_blocked, id=84044, stack(0x00000000013d0000,0x00000000014d0000)]
  0x000000002625e000 JavaThread "Handler for socket connection from /127.0.0.1:25205 to /127.0.0.1:25319" [_thread_in_native, id=222500, stack(0x00000000011d0000,0x00000000012d0000)]
  0x000000001de98800 JavaThread "Memory manager" [_thread_blocked, id=227852, stack(0x0000000024fe0000,0x00000000250e0000)]
  0x000000001de90000 JavaThread "Cache worker for execution history cache (C:\Users\dmjoe\.gradle\caches\5.6.4\executionHistory)" [_thread_blocked, id=227404, stack(0x0000000021e90000,0x0000000021f90000)]
  0x000000001bb4e800 JavaThread "Cache worker for journal cache (C:\Users\dmjoe\.gradle\caches\journal-1)" [_thread_blocked, id=210504, stack(0x000000001dba0000,0x000000001dca0000)]
  0x000000001bb4d800 JavaThread "File lock request listener" [_thread_in_native, id=219336, stack(0x000000001daa0000,0x000000001dba0000)]
  0x000000001bb4a000 JavaThread "Cache worker for file hash cache (C:\Users\dmjoe\.gradle\caches\5.6.4\fileHashes)" [_thread_blocked, id=227064, stack(0x000000001d9a0000,0x000000001daa0000)]
  0x000000001b88e800 JavaThread "Daemon worker" [_thread_in_vm, id=220812, stack(0x000000001d2a0000,0x000000001d3a0000)]
  0x000000001b879000 JavaThread "Daemon" [_thread_blocked, id=226216, stack(0x000000001cda0000,0x000000001cea0000)]
  0x000000001b806800 JavaThread "Daemon periodic checks" [_thread_blocked, id=220656, stack(0x000000001cca0000,0x000000001cda0000)]
  0x000000001b803800 JavaThread "Incoming local TCP Connector on port 25205" [_thread_in_native, id=221876, stack(0x000000001ca60000,0x000000001cb60000)]
  0x000000001b701800 JavaThread "Daemon health stats" [_thread_blocked, id=206312, stack(0x000000001c420000,0x000000001c520000)]
  0x0000000018e4e800 JavaThread "Service Thread" daemon [_thread_blocked, id=209316, stack(0x0000000019a80000,0x0000000019b80000)]
  0x0000000018dc9800 JavaThread "C1 CompilerThread3" daemon [_thread_blocked, id=227208, stack(0x0000000019980000,0x0000000019a80000)]
=>0x0000000018dbc800 JavaThread "C2 CompilerThread2" daemon [_thread_in_native, id=220340, stack(0x0000000019880000,0x0000000019980000)]
  0x0000000018dae000 JavaThread "C2 CompilerThread1" daemon [_thread_blocked, id=208016, stack(0x0000000019780000,0x0000000019880000)]
  0x0000000018dac000 JavaThread "C2 CompilerThread0" daemon [_thread_blocked, id=219892, stack(0x0000000019680000,0x0000000019780000)]
  0x0000000018da8000 JavaThread "Attach Listener" daemon [_thread_blocked, id=227184, stack(0x0000000019580000,0x0000000019680000)]
  0x0000000018da5000 JavaThread "Signal Dispatcher" daemon [_thread_blocked, id=214304, stack(0x0000000019480000,0x0000000019580000)]
  0x00000000031dc800 JavaThread "Finalizer" daemon [_thread_blocked, id=204264, stack(0x0000000019280000,0x0000000019380000)]
  0x0000000018da0800 JavaThread "Reference Handler" daemon [_thread_blocked, id=166776, stack(0x0000000019180000,0x0000000019280000)]
  0x00000000030e2800 JavaThread "main" [_thread_blocked, id=223048, stack(0x0000000002fe0000,0x00000000030e0000)]

Other Threads:
  0x0000000016f96800 VMThread [stack: 0x0000000018c80000,0x0000000018d80000] [id=224200]
  0x0000000018e4f800 WatcherThread [stack: 0x0000000019b80000,0x0000000019c80000] [id=226568]

VM state:not at safepoint (normal execution)

VM Mutex/Monitor currently owned by a thread: None

heap address: 0x00000000a0000000, size: 1536 MB, Compressed Oops mode: 32-bit
Narrow klass base: 0x0000000000000000, Narrow klass shift: 3
Compressed class space size: 1073741824 Address: 0x0000000100000000

Heap:
 PSYoungGen      total 500736K, used 251652K [0x00000000e0000000, 0x0000000100000000, 0x0000000100000000)
  eden space 477184K, 47% used [0x00000000e0000000,0x00000000edec1ea0,0x00000000fd200000)
  from space 23552K, 99% used [0x00000000fd200000,0x00000000fe8ff1c8,0x00000000fe900000)
  to   space 23552K, 0% used [0x00000000fe900000,0x00000000fe900000,0x0000000100000000)
 ParOldGen       total 226304K, used 67745K [0x00000000a0000000, 0x00000000add00000, 0x00000000e0000000)
  object space 226304K, 29% used [0x00000000a0000000,0x00000000a4228680,0x00000000add00000)
 Metaspace       used 92044K, capacity 96110K, committed 96128K, reserved 1132544K
  class space    used 11785K, capacity 12670K, committed 12672K, reserved 1048576K

Card table byte_map: [0x00000000125a0000,0x00000000128b0000] byte_map_base: 0x00000000120a0000

Marking Bits: (ParMarkBitMap*) 0x0000000064819f30
 Begin Bits: [0x00000000132b0000, 0x0000000014ab0000)
 End Bits:   [0x0000000014ab0000, 0x00000000162b0000)

Polling page: 0x00000000016b0000

CodeCache: size=245760Kb used=42928Kb max_used=42935Kb free=202831Kb
 bounds [0x00000000031e0000, 0x0000000005c10000, 0x00000000121e0000]
 total_blobs=12976 nmethods=12106 adapters=781
 compilation: enabled

Compilation events (10 events):
Event: 96.644 Thread 0x0000000018dc9800 14949       3       sun.reflect.UnsafeFieldAccessorImpl::<init> (56 bytes)
Event: 96.644 Thread 0x0000000018dac000 nmethod 14950 0x0000000005bf4150 code [0x0000000005bf42a0, 0x0000000005bf4458]
Event: 96.644 Thread 0x0000000018dac000 14951       4       com.google.common.collect.RegularImmutableMap$EntrySet$1::get (64 bytes)
Event: 96.645 Thread 0x0000000018dc9800 nmethod 14949 0x0000000005c00b90 code [0x0000000005c00d40, 0x0000000005c01458]
Event: 96.647 Thread 0x0000000018dac000 nmethod 14951 0x0000000005bff190 code [0x0000000005bff2e0, 0x0000000005bff498]
Event: 96.651 Thread 0x0000000018dc9800 14952       3       org.gradle.internal.instantiation.AbstractClassGenerator$PropertyMetadata::getGenericType (34 bytes)
Event: 96.652 Thread 0x0000000018dae000 nmethod 14944% 0x0000000005c071d0 code [0x0000000005c07320, 0x0000000005c07c18]
Event: 96.652 Thread 0x0000000018dc9800 nmethod 14952 0x0000000005bffbd0 code [0x0000000005bffdc0, 0x0000000005c00778]
Event: 96.653 Thread 0x0000000018dc9800 14953   !   3       com.sun.proxy.$Proxy57::annotationType (29 bytes)
Event: 96.653 Thread 0x0000000018dc9800 nmethod 14953 0x0000000005bfea10 code [0x0000000005bfeba0, 0x0000000005bfefd8]

GC Heap History (10 events):
Event: 29.432 GC heap before
{Heap before GC invocations=18 (full 3):
 PSYoungGen      total 394752K, used 15840K [0x00000000e0000000, 0x00000000fd980000, 0x0000000100000000)
  eden space 378880K, 0% used [0x00000000e0000000,0x00000000e0000000,0x00000000f7200000)
  from space 15872K, 99% used [0x00000000f7200000,0x00000000f81780d0,0x00000000f8180000)
  to   space 18432K, 0% used [0x00000000fc780000,0x00000000fc780000,0x00000000fd980000)
 ParOldGen       total 145920K, used 27008K [0x00000000a0000000, 0x00000000a8e80000, 0x00000000e0000000)
  object space 145920K, 18% used [0x00000000a0000000,0x00000000a1a603b8,0x00000000a8e80000)
 Metaspace       used 57404K, capacity 58890K, committed 59136K, reserved 1101824K
  class space    used 7289K, capacity 7651K, committed 7680K, reserved 1048576K
Event: 29.626 GC heap after
Heap after GC invocations=18 (full 3):
 PSYoungGen      total 394752K, used 0K [0x00000000e0000000, 0x00000000fd980000, 0x0000000100000000)
  eden space 378880K, 0% used [0x00000000e0000000,0x00000000e0000000,0x00000000f7200000)
  from space 15872K, 0% used [0x00000000f7200000,0x00000000f7200000,0x00000000f8180000)
  to   space 18432K, 0% used [0x00000000fc780000,0x00000000fc780000,0x00000000fd980000)
 ParOldGen       total 226304K, used 37335K [0x00000000a0000000, 0x00000000add00000, 0x00000000e0000000)
  object space 226304K, 16% used [0x00000000a0000000,0x00000000a2475d10,0x00000000add00000)
 Metaspace       used 57306K, capacity 58680K, committed 59136K, reserved 1101824K
  class space    used 7263K, capacity 7589K, committed 7680K, reserved 1048576K
}
Event: 43.282 GC heap before
{Heap before GC invocations=19 (full 3):
 PSYoungGen      total 394752K, used 378880K [0x00000000e0000000, 0x00000000fd980000, 0x0000000100000000)
  eden space 378880K, 100% used [0x00000000e0000000,0x00000000f7200000,0x00000000f7200000)
  from space 15872K, 0% used [0x00000000f7200000,0x00000000f7200000,0x00000000f8180000)
  to   space 18432K, 0% used [0x00000000fc780000,0x00000000fc780000,0x00000000fd980000)
 ParOldGen       total 226304K, used 37335K [0x00000000a0000000, 0x00000000add00000, 0x00000000e0000000)
  object space 226304K, 16% used [0x00000000a0000000,0x00000000a2475d10,0x00000000add00000)
 Metaspace       used 67440K, capacity 69604K, committed 69888K, reserved 1110016K
  class space    used 8888K, capacity 9401K, committed 9472K, reserved 1048576K
Event: 43.306 GC heap after
Heap after GC invocations=19 (full 3):
 PSYoungGen      total 456192K, used 18429K [0x00000000e0000000, 0x00000000fd980000, 0x0000000100000000)
  eden space 437760K, 0% used [0x00000000e0000000,0x00000000e0000000,0x00000000fab80000)
  from space 18432K, 99% used [0x00000000fc780000,0x00000000fd97f718,0x00000000fd980000)
  to   space 22016K, 0% used [0x00000000fae80000,0x00000000fae80000,0x00000000fc400000)
 ParOldGen       total 226304K, used 38858K [0x00000000a0000000, 0x00000000add00000, 0x00000000e0000000)
  object space 226304K, 17% used [0x00000000a0000000,0x00000000a25f2908,0x00000000add00000)
 Metaspace       used 67440K, capacity 69604K, committed 69888K, reserved 1110016K
  class space    used 8888K, capacity 9401K, committed 9472K, reserved 1048576K
}
Event: 50.870 GC heap before
{Heap before GC invocations=20 (full 3):
 PSYoungGen      total 456192K, used 456189K [0x00000000e0000000, 0x00000000fd980000, 0x0000000100000000)
  eden space 437760K, 100% used [0x00000000e0000000,0x00000000fab80000,0x00000000fab80000)
  from space 18432K, 99% used [0x00000000fc780000,0x00000000fd97f718,0x00000000fd980000)
  to   space 22016K, 0% used [0x00000000fae80000,0x00000000fae80000,0x00000000fc400000)
 ParOldGen       total 226304K, used 38858K [0x00000000a0000000, 0x00000000add00000, 0x00000000e0000000)
  object space 226304K, 17% used [0x00000000a0000000,0x00000000a25f2908,0x00000000add00000)
 Metaspace       used 75443K, capacity 78032K, committed 78080K, reserved 1116160K
  class space    used 9936K, capacity 10477K, committed 10496K, reserved 1048576K
Event: 50.887 GC heap after
Heap after GC invocations=20 (full 3):
 PSYoungGen      total 462848K, used 10751K [0x00000000e0000000, 0x00000000ffd80000, 0x0000000100000000)
  eden space 440832K, 0% used [0x00000000e0000000,0x00000000e0000000,0x00000000fae80000)
  from space 22016K, 48% used [0x00000000fae80000,0x00000000fb8fffa8,0x00000000fc400000)
  to   space 20992K, 0% used [0x00000000fe900000,0x00000000fe900000,0x00000000ffd80000)
 ParOldGen       total 226304K, used 51906K [0x00000000a0000000, 0x00000000add00000, 0x00000000e0000000)
  object space 226304K, 22% used [0x00000000a0000000,0x00000000a32b09a8,0x00000000add00000)
 Metaspace       used 75443K, capacity 78032K, committed 78080K, reserved 1116160K
  class space    used 9936K, capacity 10477K, committed 10496K, reserved 1048576K
}
Event: 57.752 GC heap before
{Heap before GC invocations=21 (full 3):
 PSYoungGen      total 462848K, used 451583K [0x00000000e0000000, 0x00000000ffd80000, 0x0000000100000000)
  eden space 440832K, 100% used [0x00000000e0000000,0x00000000fae80000,0x00000000fae80000)
  from space 22016K, 48% used [0x00000000fae80000,0x00000000fb8fffa8,0x00000000fc400000)
  to   space 20992K, 0% used [0x00000000fe900000,0x00000000fe900000,0x00000000ffd80000)
 ParOldGen       total 226304K, used 51906K [0x00000000a0000000, 0x00000000add00000, 0x00000000e0000000)
  object space 226304K, 22% used [0x00000000a0000000,0x00000000a32b09a8,0x00000000add00000)
 Metaspace       used 78299K, capacity 81308K, committed 81536K, reserved 1120256K
  class space    used 10205K, capacity 10857K, committed 10880K, reserved 1048576K
Event: 57.772 GC heap after
Heap after GC invocations=21 (full 3):
 PSYoungGen      total 498176K, used 19199K [0x00000000e0000000, 0x0000000100000000, 0x0000000100000000)
  eden space 477184K, 0% used [0x00000000e0000000,0x00000000e0000000,0x00000000fd200000)
  from space 20992K, 91% used [0x00000000fe900000,0x00000000ffbbff98,0x00000000ffd80000)
  to   space 23552K, 0% used [0x00000000fd200000,0x00000000fd200000,0x00000000fe900000)
 ParOldGen       total 226304K, used 51914K [0x00000000a0000000, 0x00000000add00000, 0x00000000e0000000)
  object space 226304K, 22% used [0x00000000a0000000,0x00000000a32b29a8,0x00000000add00000)
 Metaspace       used 78299K, capacity 81308K, committed 81536K, reserved 1120256K
  class space    used 10205K, capacity 10857K, committed 10880K, reserved 1048576K
}
Event: 94.219 GC heap before
{Heap before GC invocations=22 (full 3):
 PSYoungGen      total 498176K, used 496383K [0x00000000e0000000, 0x0000000100000000, 0x0000000100000000)
  eden space 477184K, 100% used [0x00000000e0000000,0x00000000fd200000,0x00000000fd200000)
  from space 20992K, 91% used [0x00000000fe900000,0x00000000ffbbff98,0x00000000ffd80000)
  to   space 23552K, 0% used [0x00000000fd200000,0x00000000fd200000,0x00000000fe900000)
 ParOldGen       total 226304K, used 51914K [0x00000000a0000000, 0x00000000add00000, 0x00000000e0000000)
  object space 226304K, 22% used [0x00000000a0000000,0x00000000a32b29a8,0x00000000add00000)
 Metaspace       used 83323K, capacity 86836K, committed 87040K, reserved 1124352K
  class space    used 10658K, capacity 11414K, committed 11520K, reserved 1048576K
Event: 94.261 GC heap after
Heap after GC invocations=22 (full 3):
 PSYoungGen      total 500736K, used 23548K [0x00000000e0000000, 0x0000000100000000, 0x0000000100000000)
  eden space 477184K, 0% used [0x00000000e0000000,0x00000000e0000000,0x00000000fd200000)
  from space 23552K, 99% used [0x00000000fd200000,0x00000000fe8ff1c8,0x00000000fe900000)
  to   space 23552K, 0% used [0x00000000fe900000,0x00000000fe900000,0x0000000100000000)
 ParOldGen       total 226304K, used 67745K [0x00000000a0000000, 0x00000000add00000, 0x00000000e0000000)
  object space 226304K, 29% used [0x00000000a0000000,0x00000000a4228680,0x00000000add00000)
 Metaspace       used 83323K, capacity 86836K, committed 87040K, reserved 1124352K
  class space    used 10658K, capacity 11414K, committed 11520K, reserved 1048576K
}

Deoptimization events (10 events):
Event: 96.243 Thread 0x000000001b88e800 Uncommon trap: reason=array_check action=maybe_recompile pc=0x000000000541a0e0 method=java.util.ComparableTimSort.mergeLo(IIII)V @ 371
Event: 96.347 Thread 0x000000001b88e800 Uncommon trap: reason=array_check action=maybe_recompile pc=0x00000000056bdcc0 method=java.util.ComparableTimSort.mergeHi(IIII)V @ 521
Event: 96.359 Thread 0x000000001b88e800 Uncommon trap: reason=array_check action=maybe_recompile pc=0x00000000056bdcc0 method=java.util.ComparableTimSort.mergeHi(IIII)V @ 521
Event: 96.445 Thread 0x000000001b88e800 Uncommon trap: reason=bimorphic action=maybe_recompile pc=0x0000000005164d38 method=java.util.stream.AbstractPipeline.copyIntoWithCancel(Ljava/util/stream/Sink;Ljava/util/Spliterator;)V @ 19
Event: 96.507 Thread 0x000000001b88e800 Uncommon trap: reason=class_check action=maybe_recompile pc=0x0000000005bd0104 method=java.util.stream.AbstractPipeline.wrapAndCopyInto(Ljava/util/stream/Sink;Ljava/util/Spliterator;)Ljava/util/stream/Sink; @ 6
Event: 96.507 Thread 0x000000001b88e800 Uncommon trap: reason=class_check action=maybe_recompile pc=0x0000000005bd0104 method=java.util.stream.AbstractPipeline.wrapAndCopyInto(Ljava/util/stream/Sink;Ljava/util/Spliterator;)Ljava/util/stream/Sink; @ 6
Event: 96.576 Thread 0x000000001b88e800 Uncommon trap: reason=class_check action=maybe_recompile pc=0x0000000005bd0104 method=java.util.stream.AbstractPipeline.wrapAndCopyInto(Ljava/util/stream/Sink;Ljava/util/Spliterator;)Ljava/util/stream/Sink; @ 6
Event: 96.576 Thread 0x000000001b88e800 Uncommon trap: reason=bimorphic action=maybe_recompile pc=0x0000000005163320 method=java.util.stream.AbstractPipeline.copyIntoWithCancel(Ljava/util/stream/Sink;Ljava/util/Spliterator;)V @ 19
Event: 96.576 Thread 0x000000001b88e800 Uncommon trap: reason=class_check action=maybe_recompile pc=0x0000000005bd0104 method=java.util.stream.AbstractPipeline.wrapAndCopyInto(Ljava/util/stream/Sink;Ljava/util/Spliterator;)Ljava/util/stream/Sink; @ 6
Event: 96.619 Thread 0x000000001b88e800 Uncommon trap: reason=class_check action=maybe_recompile pc=0x0000000003f4d704 method=java.util.Collections$SynchronizedCollection.add(Ljava/lang/Object;)Z @ 12

Classes redefined (0 events):
No events

Internal exceptions (10 events):
Event: 96.384 Thread 0x000000001b88e800 Exception <a 'java/lang/ClassNotFoundException': com/android/build/gradle/internal/dsl/BaseFlavorBeanInfo> (0x00000000ece86c60) thrown at [D:\src\AOSP-openjdk-cygwin\jdk8u\hotspot\src\share\vm\classfile\systemDictionary.cpp, line 210]
Event: 96.385 Thread 0x000000001b88e800 Exception <a 'java/lang/ClassNotFoundException': com/android/builder/core/DefaultProductFlavorBeanInfo> (0x00000000ece9fbf8) thrown at [D:\src\AOSP-openjdk-cygwin\jdk8u\hotspot\src\share\vm\classfile\systemDictionary.cpp, line 210]
Event: 96.385 Thread 0x000000001b88e800 Exception <a 'java/lang/ClassNotFoundException': com/android/builder/core/DefaultProductFlavorCustomizer> (0x00000000eceb90f0) thrown at [D:\src\AOSP-openjdk-cygwin\jdk8u\hotspot\src\share\vm\classfile\systemDictionary.cpp, line 210]
Event: 96.386 Thread 0x000000001b88e800 Exception <a 'java/lang/ClassNotFoundException': com/android/build/gradle/internal/dsl/BaseFlavorCustomizer> (0x00000000ecf08958) thrown at [D:\src\AOSP-openjdk-cygwin\jdk8u\hotspot\src\share\vm\classfile\systemDictionary.cpp, line 210]
Event: 96.387 Thread 0x000000001b88e800 Exception <a 'java/lang/ClassNotFoundException': com/android/build/gradle/internal/dsl/DefaultConfigCustomizer> (0x00000000ecf648b8) thrown at [D:\src\AOSP-openjdk-cygwin\jdk8u\hotspot\src\share\vm\classfile\systemDictionary.cpp, line 210]
Event: 96.387 Thread 0x000000001b88e800 Exception <a 'java/lang/ClassNotFoundException': com/android/build/gradle/internal/dsl/DefaultConfig_DecoratedCustomizer> (0x00000000ecf93da8) thrown at [D:\src\AOSP-openjdk-cygwin\jdk8u\hotspot\src\share\vm\classfile\systemDictionary.cpp, line 210]
Event: 96.414 Thread 0x000000001b88e800 Exception <a 'java/lang/ClassNotFoundException': build_atotok35a358b6geqw4y9ditc$_run_closure1$_closure6BeanInfo> (0x00000000ed14a5a8) thrown at [D:\src\AOSP-openjdk-cygwin\jdk8u\hotspot\src\share\vm\classfile\systemDictionary.cpp, line 210]
Event: 96.415 Thread 0x000000001b88e800 Exception <a 'java/lang/ClassNotFoundException': build_atotok35a358b6geqw4y9ditc$_run_closure1$_closure6Customizer> (0x00000000ed15c228) thrown at [D:\src\AOSP-openjdk-cygwin\jdk8u\hotspot\src\share\vm\classfile\systemDictionary.cpp, line 210]
Event: 96.417 Thread 0x000000001b88e800 Exception <a 'java/lang/ClassNotFoundException': build_atotok35a358b6geqw4y9ditc$_run_closure1BeanInfo> (0x00000000ed184bb8) thrown at [D:\src\AOSP-openjdk-cygwin\jdk8u\hotspot\src\share\vm\classfile\systemDictionary.cpp, line 210]
Event: 96.418 Thread 0x000000001b88e800 Exception <a 'java/lang/ClassNotFoundException': build_atotok35a358b6geqw4y9ditc$_run_closure1Customizer> (0x00000000ed195da0) thrown at [D:\src\AOSP-openjdk-cygwin\jdk8u\hotspot\src\share\vm\classfile\systemDictionary.cpp, line 210]

Events (10 events):
Event: 96.660 loading class org/gradle/api/Task
Event: 96.660 loading class org/gradle/api/Task done
Event: 96.660 loading class org/gradle/api/Action
Event: 96.660 loading class org/gradle/api/Action done
Event: 96.660 loading class com/android/build/gradle/internal/tasks/factory/TaskFactoryUtils$dependsOn$1$1$1
Event: 96.660 loading class com/android/build/gradle/internal/tasks/factory/TaskFactoryUtils$dependsOn$1$1$1 done
Event: 96.661 loading class com/android/build/gradle/tasks/ExtractDeepLinksTask
Event: 96.661 loading class com/android/build/gradle/tasks/ExtractDeepLinksTask done
Event: 96.662 loading class com/android/build/gradle/tasks/ExtractDeepLinksTask$CreationAction$handleProvider$1
Event: 96.662 loading class com/android/build/gradle/tasks/ExtractDeepLinksTask$CreationAction$handleProvider$1 done


Dynamic libraries:
0x00007ff7807b0000 - 0x00007ff7807e1000 	C:\Program Files\Android\Android Studio\jre\bin\java.exe
0x00007ffea0220000 - 0x00007ffea0410000 	C:\WINDOWS\SYSTEM32\ntdll.dll
0x00007ffe9ee90000 - 0x00007ffe9ef42000 	C:\WINDOWS\System32\KERNEL32.DLL
0x00007ffe9d3e0000 - 0x00007ffe9d683000 	C:\WINDOWS\System32\KERNELBASE.dll
0x00007ffe9e630000 - 0x00007ffe9e6d3000 	C:\WINDOWS\System32\ADVAPI32.dll
0x00007ffe9fc40000 - 0x00007ffe9fcde000 	C:\WINDOWS\System32\msvcrt.dll
0x00007ffe9edf0000 - 0x00007ffe9ee87000 	C:\WINDOWS\System32\sechost.dll
0x00007ffe9f350000 - 0x00007ffe9f470000 	C:\WINDOWS\System32\RPCRT4.dll
0x00007ffe9fce0000 - 0x00007ffe9fe74000 	C:\WINDOWS\System32\USER32.dll
0x00007ffe9e270000 - 0x00007ffe9e291000 	C:\WINDOWS\System32\win32u.dll
0x00007ffea0150000 - 0x00007ffea0176000 	C:\WINDOWS\System32\GDI32.dll
0x00007ffe9de80000 - 0x00007ffe9e014000 	C:\WINDOWS\System32\gdi32full.dll
0x00007ffe9e1d0000 - 0x00007ffe9e26e000 	C:\WINDOWS\System32\msvcp_win.dll
0x00007ffe9e0d0000 - 0x00007ffe9e1ca000 	C:\WINDOWS\System32\ucrtbase.dll
0x00007ffe8c210000 - 0x00007ffe8c495000 	C:\WINDOWS\WinSxS\amd64_microsoft.windows.common-controls_6595b64144ccf1df_6.0.18362.720_none_e6beb5c51314836b\COMCTL32.dll
0x00007ffe9ef60000 - 0x00007ffe9f296000 	C:\WINDOWS\System32\combase.dll
0x00007ffe9d300000 - 0x00007ffe9d380000 	C:\WINDOWS\System32\bcryptPrimitives.dll
0x00007ffea0030000 - 0x00007ffea005e000 	C:\WINDOWS\System32\IMM32.DLL
0x0000000064ee0000 - 0x0000000064fb2000 	C:\Program Files\Android\Android Studio\jre\jre\bin\msvcr100.dll
0x0000000064050000 - 0x0000000064896000 	C:\Program Files\Android\Android Studio\jre\jre\bin\server\jvm.dll
0x00007ffe9e4c0000 - 0x00007ffe9e4c8000 	C:\WINDOWS\System32\PSAPI.DLL
0x00007ffe65630000 - 0x00007ffe65639000 	C:\WINDOWS\SYSTEM32\WSOCK32.dll
0x00007ffe99710000 - 0x00007ffe99734000 	C:\WINDOWS\SYSTEM32\WINMM.dll
0x00007ffe952a0000 - 0x00007ffe952aa000 	C:\WINDOWS\SYSTEM32\VERSION.dll
0x00007ffea0060000 - 0x00007ffea00cf000 	C:\WINDOWS\System32\WS2_32.dll
0x00007ffe996e0000 - 0x00007ffe9970d000 	C:\WINDOWS\SYSTEM32\winmmbase.dll
0x00007ffe9de10000 - 0x00007ffe9de5a000 	C:\WINDOWS\System32\cfgmgr32.dll
0x00007ffe94090000 - 0x00007ffe9409f000 	C:\Program Files\Android\Android Studio\jre\jre\bin\verify.dll
0x00007ffe6b580000 - 0x00007ffe6b5a9000 	C:\Program Files\Android\Android Studio\jre\jre\bin\java.dll
0x00007ffe74a70000 - 0x00007ffe74a86000 	C:\Program Files\Android\Android Studio\jre\jre\bin\zip.dll
0x00007ffe9e6e0000 - 0x00007ffe9edc5000 	C:\WINDOWS\System32\SHELL32.dll
0x00007ffe9f2a0000 - 0x00007ffe9f349000 	C:\WINDOWS\System32\shcore.dll
0x00007ffe9d690000 - 0x00007ffe9de10000 	C:\WINDOWS\System32\windows.storage.dll
0x00007ffe9d160000 - 0x00007ffe9d183000 	C:\WINDOWS\System32\profapi.dll
0x00007ffe9d110000 - 0x00007ffe9d15a000 	C:\WINDOWS\System32\powrprof.dll
0x00007ffe9d0e0000 - 0x00007ffe9d0f0000 	C:\WINDOWS\System32\UMPDC.dll
0x00007ffe9f950000 - 0x00007ffe9f9a2000 	C:\WINDOWS\System32\shlwapi.dll
0x00007ffe9d0f0000 - 0x00007ffe9d101000 	C:\WINDOWS\System32\kernel.appcore.dll
0x00007ffe9de60000 - 0x00007ffe9de77000 	C:\WINDOWS\System32\cryptsp.dll
0x00007ffe6f640000 - 0x00007ffe6f65a000 	C:\Program Files\Android\Android Studio\jre\jre\bin\net.dll
0x00007ffe909d0000 - 0x00007ffe90ba5000 	C:\WINDOWS\SYSTEM32\urlmon.dll
0x00007ffe8c7f0000 - 0x00007ffe8ca96000 	C:\WINDOWS\SYSTEM32\iertutil.dll
0x00007ffe9ca20000 - 0x00007ffe9ca2c000 	C:\WINDOWS\SYSTEM32\CRYPTBASE.DLL
0x00007ffe9c8a0000 - 0x00007ffe9c907000 	C:\WINDOWS\system32\mswsock.dll
0x00007ffe6b650000 - 0x00007ffe6b663000 	C:\Program Files\Android\Android Studio\jre\jre\bin\nio.dll
0x00007ffe5db80000 - 0x00007ffe5dba6000 	C:\Users\dmjoe\.gradle\native\30\windows-amd64\native-platform.dll
0x00007ffe93a70000 - 0x00007ffe93a7d000 	C:\Program Files\Android\Android Studio\jre\jre\bin\management.dll
0x00007ffe9c420000 - 0x00007ffe9c453000 	C:\WINDOWS\system32\rsaenh.dll
0x00007ffe9e2a0000 - 0x00007ffe9e2c6000 	C:\WINDOWS\System32\bcrypt.dll
0x00007ffe9d000000 - 0x00007ffe9d025000 	C:\WINDOWS\SYSTEM32\USERENV.dll
0x00007ffe9c5c0000 - 0x00007ffe9c5fa000 	C:\WINDOWS\SYSTEM32\IPHLPAPI.DLL
0x00007ffe9fbd0000 - 0x00007ffe9fbd8000 	C:\WINDOWS\System32\NSI.dll
0x00007ffe95180000 - 0x00007ffe95196000 	C:\WINDOWS\SYSTEM32\dhcpcsvc6.DLL
0x00007ffe95160000 - 0x00007ffe9517c000 	C:\WINDOWS\SYSTEM32\dhcpcsvc.DLL
0x00007ffe9c600000 - 0x00007ffe9c6ca000 	C:\WINDOWS\SYSTEM32\DNSAPI.dll
0x00007ffe65710000 - 0x00007ffe65734000 	C:\Program Files\Android\Android Studio\jre\jre\bin\sunec.dll
0x00007ffe963a0000 - 0x00007ffe963aa000 	C:\Windows\System32\rasadhlp.dll
0x00007ffe94de0000 - 0x00007ffe94e57000 	C:\WINDOWS\System32\fwpuclnt.dll
0x00007ffe8e950000 - 0x00007ffe8e95b000 	C:\Program Files\Android\Android Studio\jre\jre\bin\sunmscapi.dll
0x00007ffe9d1b0000 - 0x00007ffe9d2f9000 	C:\WINDOWS\System32\CRYPT32.dll
0x00007ffe9d190000 - 0x00007ffe9d1a2000 	C:\WINDOWS\System32\MSASN1.dll
0x00007ffe9c190000 - 0x00007ffe9c1c1000 	C:\WINDOWS\SYSTEM32\ntmarta.dll

VM Arguments:
jvm_args: -Xmx1536m -Dfile.encoding=windows-1252 -Duser.country=CA -Duser.language=en -Duser.variant 
java_command: org.gradle.launcher.daemon.bootstrap.GradleDaemon 5.6.4
java_class_path (initial): C:\Users\dmjoe\.gradle\wrapper\dists\gradle-5.6.4-all\ankdp27end7byghfw1q2sw75f\gradle-5.6.4\lib\gradle-launcher-5.6.4.jar
Launcher Type: SUN_STANDARD

Environment Variables:
PATH=C:\Program Files (x86)\Common Files\Oracle\Java\javapath;C:\Program Files (x86)\NetSarang\Xshell 6\;C:\Program Files (x86)\NetSarang\Xftp 6\;C:\Program Files (x86)\Python36\Scripts\;C:\Program Files (x86)\Python36\;C:\Program Files\Python37\Scripts\;C:\Program Files\Python37\;C:\Program Files (x86)\Python27\;C:\Program Files (x86)\Python27\Scripts;C:\ProgramData\Oracle\Java\javapath;C:\WINDOWS\system32;C:\WINDOWS;C:\WINDOWS\System32\Wbem;C:\WINDOWS\System32\WindowsPowerShell\v1.0\;C:\Program Files\PuTTY\;C:\WINDOWS\System32\OpenSSH\;C:\Program Files\Logstalgia\cmd;C:\Program Files\Microsoft VS Code\bin;C:\Program Files\Git\cmd;C:\Program Files (x86)\Microsoft SQL Server\110\Tools\Binn\;C:\Program Files\Microsoft SQL Server\110\Tools\Binn\;C:\Program Files\Microsoft SQL Server\110\DTS\Binn\;C:\Program Files\WorldPainter;C:\Program Files\PROS\toolchain\usr\bin;C:\Program Files\PROS\cquery;C:\Program Files\PROS\cli;C:\Program Files (x86)\NVIDIA Corporation\PhysX\Common;C:\WINDOWS\system32;C:\WINDOWS;C:\WINDOWS\System32\Wbem;C:\WINDOWS\System32\WindowsPowerShell\v1.0\;C:\WINDOWS\System32\OpenSSH\;C:\Program Files\Docker\Docker\resources\bin;C:\ProgramData\DockerDesktop\version-bin;C:\Windows\system32;C:\Windows;C:\Windows\System32\Wbem;C:\Windows\System32\WindowsPowerShell\v1.0\;C:\Program Files\PuTTY\;C:\Users\dmjoe\AppData\Local\Microsoft\WindowsApps;C:\Program Files (x86)\Python27;C:\Program Files\Microsoft VS Code\bin;C:\Users\dmjoe\AppData\Local\Microsoft\WindowsApps;C:\Program Files\Python37\selenium_drivers;C:\Program Files (x86)\Nmap;C:\Users\dmjoe\AppData\Local\Keybase\;C:\Program Files (x86)\FAHClient
USERNAME=dmjoe
OS=Windows_NT
PROCESSOR_IDENTIFIER=Intel64 Family 6 Model 58 Stepping 9, GenuineIntel



---------------  S Y S T E M  ---------------

OS: Windows 10.0 , 64 bit Build 18362 (10.0.18362.329)

CPU:total 8 (initial active 8) (4 cores per cpu, 2 threads per core) family 6 model 58 stepping 9, cmov, cx8, fxsr, mmx, sse, sse2, sse3, ssse3, sse4.1, sse4.2, popcnt, avx, aes, clmul, erms, ht, tsc, tscinvbit, tscinv

Memory: 4k page, physical 16712652k(4248208k free), swap 18809804k(3356k free)

vm_info: OpenJDK 64-Bit Server VM (25.212-b04) for windows-amd64 JRE (1.8.0_212-release-1586-b04), built by "builder" with MS VC++ 10.0 (VS2010)

time: Wed Apr 01 16:51:37 2020
timezone: Pacific Daylight Time
elapsed time: 96 seconds (0d 0h 1m 36s)

